<?xml version="1.0" encoding="UTF-8"?>
<!-- Generated by org.testng.reporters.JUnitXMLReporter -->
<testsuite hostname="THAODNN-PC" ignored="0" name="Default test" tests="2" failures="0" timestamp="12 Apr 2017 04:20:57 GMT" time="0.039" errors="0">
  <testcase name="f" time="0.008" classname="org.vnpt_technology.selenium.erp.system.functional.procurement.procurement"/>
  <testcase name="f" time="0.001" classname="org.vnpt_technology.selenium.erp.system.functional.procurement.procurement"/>
</testsuite> <!-- Default test -->
